# JRE version: Java(TM) SE Runtime Environment (9.0+11) (build 9.0.1+11)
# Java VM: Java HotSpot(TM) 64-Bit Server VM (9.0.1+11, mixed mode, tiered, compressed oops, g1 gc, windows-amd64)
Heap:
 garbage-first heap   total 65536K, used 52217K [0x00000000d4200000, 0x00000000d4300200, 0x0000000100000000)
  region size 1024K, 18 young (18432K), 2 survivors (2048K)
 Metaspace       used 34078K, capacity 35250K, committed 35328K, reserved 1081344K
  class space    used 3537K, capacity 3813K, committed 3840K, reserved 1048576K
GC Heap History (10 events):
Event: 20.218 GC heap after
{Heap after GC invocations=17 (full 0):
 garbage-first heap   total 65536K, used 30300K [0x00000000d4200000, 0x00000000d4300200, 0x0000000100000000)
  region size 1024K, 3 young (3072K), 3 survivors (3072K)
 Metaspace       used 27783K, capacity 28530K, committed 28672K, reserved 1075200K
  class space    used 2806K, capacity 2987K, committed 3072K, reserved 1048576K
}
Event: 21.747 GC heap before
{Heap before GC invocations=17 (full 0):
 garbage-first heap   total 65536K, used 49756K [0x00000000d4200000, 0x00000000d4300200, 0x0000000100000000)
  region size 1024K, 22 young (22528K), 3 survivors (3072K)
 Metaspace       used 28961K, capacity 29736K, committed 29824K, reserved 1075200K
  class space    used 2953K, capacity 3132K, committed 3200K, reserved 1048576K
}
Event: 21.762 GC heap after
{Heap after GC invocations=18 (full 0):
 garbage-first heap   total 65536K, used 31758K [0x00000000d4200000, 0x00000000d4300200, 0x0000000100000000)
  region size 1024K, 3 young (3072K), 3 survivors (3072K)
 Metaspace       used 28961K, capacity 29736K, committed 29824K, reserved 1075200K
  class space    used 2953K, capacity 3132K, committed 3200K, reserved 1048576K
}
Event: 22.248 GC heap before
{Heap before GC invocations=18 (full 0):
 garbage-first heap   total 65536K, used 50190K [0x00000000d4200000, 0x00000000d4300200, 0x0000000100000000)
  region size 1024K, 21 young (21504K), 3 survivors (3072K)
 Metaspace       used 29975K, capacity 30796K, committed 30976K, reserved 1077248K
  class space    used 3104K, capacity 3324K, committed 3328K, reserved 1048576K
}
Event: 22.257 GC heap after
{Heap after GC invocations=19 (full 0):
 garbage-first heap   total 65536K, used 33712K [0x00000000d4200000, 0x00000000d4300200, 0x0000000100000000)
  region size 1024K, 3 young (3072K), 3 survivors (3072K)
 Metaspace       used 29975K, capacity 30796K, committed 30976K, reserved 1077248K
  class space    used 3104K, capacity 3324K, committed 3328K, reserved 1048576K
}
Event: 32.288 GC heap before
{Heap before GC invocations=20 (full 0):
 garbage-first heap   total 65536K, used 51120K [0x00000000d4200000, 0x00000000d4300200, 0x0000000100000000)
  region size 1024K, 20 young (20480K), 3 survivors (3072K)
 Metaspace       used 31224K, capacity 32242K, committed 32512K, reserved 1079296K
  class space    used 3261K, capacity 3517K, committed 3584K, reserved 1048576K
}
Event: 32.297 GC heap after
{Heap after GC invocations=21 (full 0):
 garbage-first heap   total 65536K, used 34811K [0x00000000d4200000, 0x00000000d4300200, 0x0000000100000000)
  region size 1024K, 3 young (3072K), 3 survivors (3072K)
 Metaspace       used 31224K, capacity 32242K, committed 32512K, reserved 1079296K
  class space    used 3261K, capacity 3517K, committed 3584K, reserved 1048576K
}
Event: 37.207 GC heap before
{Heap before GC invocations=21 (full 0):
 garbage-first heap   total 65536K, used 51195K [0x00000000d4200000, 0x00000000d4300200, 0x0000000100000000)
  region size 1024K, 19 young (19456K), 3 survivors (3072K)
 Metaspace       used 33389K, capacity 34490K, committed 34816K, reserved 1081344K
  class space    used 3504K, capacity 3769K, committed 3840K, reserved 1048576K
}
Event: 37.215 GC heap after
{Heap after GC invocations=22 (full 0):
 garbage-first heap   total 65536K, used 35833K [0x00000000d4200000, 0x00000000d4300200, 0x0000000100000000)
  region size 1024K, 2 young (2048K), 2 survivors (2048K)
 Metaspace       used 33389K, capacity 34490K, committed 34816K, reserved 1081344K
  class space    used 3504K, capacity 3769K, committed 3840K, reserved 1048576K
}
Event: 44.161 GC heap before
{Heap before GC invocations=23 (full 0):
 garbage-first heap   total 65536K, used 52217K [0x00000000d4200000, 0x00000000d4300200, 0x0000000100000000)
  region size 1024K, 18 young (18432K), 2 survivors (2048K)
 Metaspace       used 34078K, capacity 35250K, committed 35328K, reserved 1081344K
  class space    used 3537K, capacity 3813K, committed 3840K, reserved 1048576K
}

